<?xml version="1.0" encoding="UTF-8"?>
<testsuite xmlns:xsi="http://www.w3.org/2001/XMLSchema-instance" xsi:noNamespaceSchemaLocation="https://maven.apache.org/surefire/maven-surefire-plugin/xsd/surefire-test-report-3.0.xsd" version="3.0" name="org.sonar.samples.java.checks.AvoidBrandInMethodNamesRuleTest" time="0.01" tests="1" errors="0" skipped="0" failures="0">
  <properties>
    <property name="java.specification.version" value="14"/>
    <property name="sun.jnu.encoding" value="UTF-8"/>
    <property name="java.class.path" value="/Users/priorsolution/Downloads/sonar-java-master/docs/java-custom-rules-example/target/test-classes:/Users/priorsolution/Downloads/sonar-java-master/docs/java-custom-rules-example/target/classes:/Users/priorsolution/.m2/repository/org/sonarsource/sonarqube/sonar-plugin-api/8.9.0.43852/sonar-plugin-api-8.9.0.43852.jar:/Users/priorsolution/.m2/repository/org/sonarsource/java/sonar-java-plugin/6.15.1.26025/sonar-java-plugin-6.15.1.26025.jar:/Users/priorsolution/.m2/repository/org/sonarsource/java/java-surefire/6.15.1.26025/java-surefire-6.15.1.26025.jar:/Users/priorsolution/.m2/repository/com/fasterxml/staxmate/staxmate/2.4.0/staxmate-2.4.0.jar:/Users/priorsolution/.m2/repository/org/codehaus/woodstox/stax2-api/4.2.1/stax2-api-4.2.1.jar:/Users/priorsolution/.m2/repository/org/sonarsource/java/java-frontend/6.15.1.26025/java-frontend-6.15.1.26025.jar:/Users/priorsolution/.m2/repository/org/sonarsource/java/jdt/6.15.1.26025/jdt-6.15.1.26025-shaded.jar:/Users/priorsolution/.m2/repository/org/eclipse/jdt/org.eclipse.jdt.core/3.25.0/org.eclipse.jdt.core-3.25.0.jar:/Users/priorsolution/.m2/repository/org/eclipse/platform/org.eclipse.core.resources/3.15.0/org.eclipse.core.resources-3.15.0.jar:/Users/priorsolution/.m2/repository/org/eclipse/platform/org.eclipse.core.runtime/3.22.0/org.eclipse.core.runtime-3.22.0.jar:/Users/priorsolution/.m2/repository/org/eclipse/platform/org.eclipse.osgi/3.16.300/org.eclipse.osgi-3.16.300.jar:/Users/priorsolution/.m2/repository/org/eclipse/platform/org.eclipse.equinox.common/3.15.0/org.eclipse.equinox.common-3.15.0.jar:/Users/priorsolution/.m2/repository/org/eclipse/platform/org.eclipse.core.jobs/3.11.0/org.eclipse.core.jobs-3.11.0.jar:/Users/priorsolution/.m2/repository/org/eclipse/platform/org.eclipse.equinox.preferences/3.8.200/org.eclipse.equinox.preferences-3.8.200.jar:/Users/priorsolution/.m2/repository/org/eclipse/platform/org.eclipse.core.contenttype/3.7.1000/org.eclipse.core.contenttype-3.7.1000.jar:/Users/priorsolution/.m2/repository/org/eclipse/platform/org.eclipse.text/3.12.0/org.eclipse.text-3.12.0.jar:/Users/priorsolution/.m2/repository/org/eclipse/platform/org.eclipse.core.commands/3.10.0/org.eclipse.core.commands-3.10.0.jar:/Users/priorsolution/.m2/repository/org/sonarsource/sslr/sslr-core/1.24.0.633/sslr-core-1.24.0.633.jar:/Users/priorsolution/.m2/repository/org/apache/commons/commons-lang3/3.12.0/commons-lang3-3.12.0.jar:/Users/priorsolution/.m2/repository/org/sonarsource/analyzer-commons/sonar-regex-parsing/1.14.1.690/sonar-regex-parsing-1.14.1.690.jar:/Users/priorsolution/.m2/repository/org/sonarsource/java/java-symbolic-execution/6.15.1.26025/java-symbolic-execution-6.15.1.26025.jar:/Users/priorsolution/.m2/repository/org/sonarsource/java/java-checks/6.15.1.26025/java-checks-6.15.1.26025.jar:/Users/priorsolution/.m2/repository/org/sonarsource/analyzer-commons/sonar-analyzer-recognizers/1.14.1.690/sonar-analyzer-recognizers-1.14.1.690.jar:/Users/priorsolution/.m2/repository/commons-lang/commons-lang/2.6/commons-lang-2.6.jar:/Users/priorsolution/.m2/repository/org/sonarsource/java/external-reports/6.15.1.26025/external-reports-6.15.1.26025.jar:/Users/priorsolution/.m2/repository/org/sonarsource/java/java-jsp/6.15.1.26025/java-jsp-6.15.1.26025.jar:/Users/priorsolution/.m2/repository/org/apache/tomcat/embed/tomcat-embed-jasper/9.0.33/tomcat-embed-jasper-9.0.33.jar:/Users/priorsolution/.m2/repository/org/apache/tomcat/embed/tomcat-embed-core/9.0.33/tomcat-embed-core-9.0.33.jar:/Users/priorsolution/.m2/repository/org/apache/tomcat/tomcat-annotations-api/9.0.33/tomcat-annotations-api-9.0.33.jar:/Users/priorsolution/.m2/repository/org/apache/tomcat/embed/tomcat-embed-el/9.0.33/tomcat-embed-el-9.0.33.jar:/Users/priorsolution/.m2/repository/org/sonarsource/analyzer-commons/sonar-xml-parsing/1.14.1.690/sonar-xml-parsing-1.14.1.690.jar:/Users/priorsolution/.m2/repository/xerces/xercesImpl/2.12.0/xercesImpl-2.12.0.jar:/Users/priorsolution/.m2/repository/xml-apis/xml-apis/1.4.01/xml-apis-1.4.01.jar:/Users/priorsolution/.m2/repository/com/fasterxml/woodstox/woodstox-core/5.2.0/woodstox-core-5.2.0.jar:/Users/priorsolution/.m2/repository/org/sonarsource/analyzer-commons/sonar-analyzer-commons/1.14.1.690/sonar-analyzer-commons-1.14.1.690.jar:/Users/priorsolution/.m2/repository/org/sonarsource/java/java-checks-testkit/6.15.1.26025/java-checks-testkit-6.15.1.26025.jar:/Users/priorsolution/.m2/repository/com/google/code/gson/gson/2.8.6/gson-2.8.6.jar:/Users/priorsolution/.m2/repository/com/google/code/findbugs/jsr305/3.0.2/jsr305-3.0.2.jar:/Users/priorsolution/.m2/repository/org/junit/jupiter/junit-jupiter/5.7.0/junit-jupiter-5.7.0.jar:/Users/priorsolution/.m2/repository/org/junit/jupiter/junit-jupiter-api/5.7.0/junit-jupiter-api-5.7.0.jar:/Users/priorsolution/.m2/repository/org/opentest4j/opentest4j/1.2.0/opentest4j-1.2.0.jar:/Users/priorsolution/.m2/repository/org/junit/platform/junit-platform-commons/1.7.0/junit-platform-commons-1.7.0.jar:/Users/priorsolution/.m2/repository/org/junit/jupiter/junit-jupiter-params/5.7.0/junit-jupiter-params-5.7.0.jar:/Users/priorsolution/.m2/repository/org/junit/jupiter/junit-jupiter-engine/5.7.0/junit-jupiter-engine-5.7.0.jar:/Users/priorsolution/.m2/repository/org/junit/platform/junit-platform-engine/1.7.0/junit-platform-engine-1.7.0.jar:/Users/priorsolution/.m2/repository/org/junit/jupiter/junit-jupiter-migrationsupport/5.7.0/junit-jupiter-migrationsupport-5.7.0.jar:/Users/priorsolution/.m2/repository/junit/junit/4.13/junit-4.13.jar:/Users/priorsolution/.m2/repository/org/hamcrest/hamcrest-core/1.3/hamcrest-core-1.3.jar:/Users/priorsolution/.m2/repository/org/apiguardian/apiguardian-api/1.1.0/apiguardian-api-1.1.0.jar:/Users/priorsolution/.m2/repository/org/assertj/assertj-core/3.19.0/assertj-core-3.19.0.jar:"/>
    <property name="java.vm.vendor" value="Oracle Corporation"/>
    <property name="sun.arch.data.model" value="64"/>
    <property name="java.vendor.url" value="https://openjdk.java.net/"/>
    <property name="user.timezone" value="Asia/Bangkok"/>
    <property name="os.name" value="Mac OS X"/>
    <property name="java.vm.specification.version" value="14"/>
    <property name="sun.java.launcher" value="SUN_STANDARD"/>
    <property name="user.country" value="US"/>
    <property name="sun.boot.library.path" value="/usr/local/Cellar/openjdk/14.0.1/libexec/openjdk.jdk/Contents/Home/lib"/>
    <property name="sun.java.command" value="/Users/priorsolution/Downloads/sonar-java-master/docs/java-custom-rules-example/target/surefire/surefirebooter9880146032379494734.jar /Users/priorsolution/Downloads/sonar-java-master/docs/java-custom-rules-example/target/surefire 2021-09-02T01-41-27_568-jvmRun1 surefire10768764367281883975tmp surefire_01623196645390261823tmp"/>
    <property name="http.nonProxyHosts" value="local|*.local|169.254/16|*.169.254/16"/>
    <property name="jdk.debug" value="release"/>
    <property name="surefire.test.class.path" value="/Users/priorsolution/Downloads/sonar-java-master/docs/java-custom-rules-example/target/test-classes:/Users/priorsolution/Downloads/sonar-java-master/docs/java-custom-rules-example/target/classes:/Users/priorsolution/.m2/repository/org/sonarsource/sonarqube/sonar-plugin-api/8.9.0.43852/sonar-plugin-api-8.9.0.43852.jar:/Users/priorsolution/.m2/repository/org/sonarsource/java/sonar-java-plugin/6.15.1.26025/sonar-java-plugin-6.15.1.26025.jar:/Users/priorsolution/.m2/repository/org/sonarsource/java/java-surefire/6.15.1.26025/java-surefire-6.15.1.26025.jar:/Users/priorsolution/.m2/repository/com/fasterxml/staxmate/staxmate/2.4.0/staxmate-2.4.0.jar:/Users/priorsolution/.m2/repository/org/codehaus/woodstox/stax2-api/4.2.1/stax2-api-4.2.1.jar:/Users/priorsolution/.m2/repository/org/sonarsource/java/java-frontend/6.15.1.26025/java-frontend-6.15.1.26025.jar:/Users/priorsolution/.m2/repository/org/sonarsource/java/jdt/6.15.1.26025/jdt-6.15.1.26025-shaded.jar:/Users/priorsolution/.m2/repository/org/eclipse/jdt/org.eclipse.jdt.core/3.25.0/org.eclipse.jdt.core-3.25.0.jar:/Users/priorsolution/.m2/repository/org/eclipse/platform/org.eclipse.core.resources/3.15.0/org.eclipse.core.resources-3.15.0.jar:/Users/priorsolution/.m2/repository/org/eclipse/platform/org.eclipse.core.runtime/3.22.0/org.eclipse.core.runtime-3.22.0.jar:/Users/priorsolution/.m2/repository/org/eclipse/platform/org.eclipse.osgi/3.16.300/org.eclipse.osgi-3.16.300.jar:/Users/priorsolution/.m2/repository/org/eclipse/platform/org.eclipse.equinox.common/3.15.0/org.eclipse.equinox.common-3.15.0.jar:/Users/priorsolution/.m2/repository/org/eclipse/platform/org.eclipse.core.jobs/3.11.0/org.eclipse.core.jobs-3.11.0.jar:/Users/priorsolution/.m2/repository/org/eclipse/platform/org.eclipse.equinox.preferences/3.8.200/org.eclipse.equinox.preferences-3.8.200.jar:/Users/priorsolution/.m2/repository/org/eclipse/platform/org.eclipse.core.contenttype/3.7.1000/org.eclipse.core.contenttype-3.7.1000.jar:/Users/priorsolution/.m2/repository/org/eclipse/platform/org.eclipse.text/3.12.0/org.eclipse.text-3.12.0.jar:/Users/priorsolution/.m2/repository/org/eclipse/platform/org.eclipse.core.commands/3.10.0/org.eclipse.core.commands-3.10.0.jar:/Users/priorsolution/.m2/repository/org/sonarsource/sslr/sslr-core/1.24.0.633/sslr-core-1.24.0.633.jar:/Users/priorsolution/.m2/repository/org/apache/commons/commons-lang3/3.12.0/commons-lang3-3.12.0.jar:/Users/priorsolution/.m2/repository/org/sonarsource/analyzer-commons/sonar-regex-parsing/1.14.1.690/sonar-regex-parsing-1.14.1.690.jar:/Users/priorsolution/.m2/repository/org/sonarsource/java/java-symbolic-execution/6.15.1.26025/java-symbolic-execution-6.15.1.26025.jar:/Users/priorsolution/.m2/repository/org/sonarsource/java/java-checks/6.15.1.26025/java-checks-6.15.1.26025.jar:/Users/priorsolution/.m2/repository/org/sonarsource/analyzer-commons/sonar-analyzer-recognizers/1.14.1.690/sonar-analyzer-recognizers-1.14.1.690.jar:/Users/priorsolution/.m2/repository/commons-lang/commons-lang/2.6/commons-lang-2.6.jar:/Users/priorsolution/.m2/repository/org/sonarsource/java/external-reports/6.15.1.26025/external-reports-6.15.1.26025.jar:/Users/priorsolution/.m2/repository/org/sonarsource/java/java-jsp/6.15.1.26025/java-jsp-6.15.1.26025.jar:/Users/priorsolution/.m2/repository/org/apache/tomcat/embed/tomcat-embed-jasper/9.0.33/tomcat-embed-jasper-9.0.33.jar:/Users/priorsolution/.m2/repository/org/apache/tomcat/embed/tomcat-embed-core/9.0.33/tomcat-embed-core-9.0.33.jar:/Users/priorsolution/.m2/repository/org/apache/tomcat/tomcat-annotations-api/9.0.33/tomcat-annotations-api-9.0.33.jar:/Users/priorsolution/.m2/repository/org/apache/tomcat/embed/tomcat-embed-el/9.0.33/tomcat-embed-el-9.0.33.jar:/Users/priorsolution/.m2/repository/org/sonarsource/analyzer-commons/sonar-xml-parsing/1.14.1.690/sonar-xml-parsing-1.14.1.690.jar:/Users/priorsolution/.m2/repository/xerces/xercesImpl/2.12.0/xercesImpl-2.12.0.jar:/Users/priorsolution/.m2/repository/xml-apis/xml-apis/1.4.01/xml-apis-1.4.01.jar:/Users/priorsolution/.m2/repository/com/fasterxml/woodstox/woodstox-core/5.2.0/woodstox-core-5.2.0.jar:/Users/priorsolution/.m2/repository/org/sonarsource/analyzer-commons/sonar-analyzer-commons/1.14.1.690/sonar-analyzer-commons-1.14.1.690.jar:/Users/priorsolution/.m2/repository/org/sonarsource/java/java-checks-testkit/6.15.1.26025/java-checks-testkit-6.15.1.26025.jar:/Users/priorsolution/.m2/repository/com/google/code/gson/gson/2.8.6/gson-2.8.6.jar:/Users/priorsolution/.m2/repository/com/google/code/findbugs/jsr305/3.0.2/jsr305-3.0.2.jar:/Users/priorsolution/.m2/repository/org/junit/jupiter/junit-jupiter/5.7.0/junit-jupiter-5.7.0.jar:/Users/priorsolution/.m2/repository/org/junit/jupiter/junit-jupiter-api/5.7.0/junit-jupiter-api-5.7.0.jar:/Users/priorsolution/.m2/repository/org/opentest4j/opentest4j/1.2.0/opentest4j-1.2.0.jar:/Users/priorsolution/.m2/repository/org/junit/platform/junit-platform-commons/1.7.0/junit-platform-commons-1.7.0.jar:/Users/priorsolution/.m2/repository/org/junit/jupiter/junit-jupiter-params/5.7.0/junit-jupiter-params-5.7.0.jar:/Users/priorsolution/.m2/repository/org/junit/jupiter/junit-jupiter-engine/5.7.0/junit-jupiter-engine-5.7.0.jar:/Users/priorsolution/.m2/repository/org/junit/platform/junit-platform-engine/1.7.0/junit-platform-engine-1.7.0.jar:/Users/priorsolution/.m2/repository/org/junit/jupiter/junit-jupiter-migrationsupport/5.7.0/junit-jupiter-migrationsupport-5.7.0.jar:/Users/priorsolution/.m2/repository/junit/junit/4.13/junit-4.13.jar:/Users/priorsolution/.m2/repository/org/hamcrest/hamcrest-core/1.3/hamcrest-core-1.3.jar:/Users/priorsolution/.m2/repository/org/apiguardian/apiguardian-api/1.1.0/apiguardian-api-1.1.0.jar:/Users/priorsolution/.m2/repository/org/assertj/assertj-core/3.19.0/assertj-core-3.19.0.jar:"/>
    <property name="sun.cpu.endian" value="little"/>
    <property name="user.home" value="/Users/priorsolution"/>
    <property name="user.language" value="en"/>
    <property name="java.specification.vendor" value="Oracle Corporation"/>
    <property name="java.version.date" value="2020-04-14"/>
    <property name="java.home" value="/usr/local/Cellar/openjdk/14.0.1/libexec/openjdk.jdk/Contents/Home"/>
    <property name="file.separator" value="/"/>
    <property name="basedir" value="/Users/priorsolution/Downloads/sonar-java-master/docs/java-custom-rules-example"/>
    <property name="java.vm.compressedOopsMode" value="Zero based"/>
    <property name="line.separator" value="&#10;"/>
    <property name="java.specification.name" value="Java Platform API Specification"/>
    <property name="java.vm.specification.vendor" value="Oracle Corporation"/>
    <property name="surefire.real.class.path" value="/Users/priorsolution/Downloads/sonar-java-master/docs/java-custom-rules-example/target/surefire/surefirebooter9880146032379494734.jar"/>
    <property name="sun.management.compiler" value="HotSpot 64-Bit Tiered Compilers"/>
    <property name="ftp.nonProxyHosts" value="local|*.local|169.254/16|*.169.254/16"/>
    <property name="java.runtime.version" value="14.0.1+14"/>
    <property name="user.name" value="priorsolution"/>
    <property name="path.separator" value=":"/>
    <property name="os.version" value="10.15.7"/>
    <property name="java.runtime.name" value="OpenJDK Runtime Environment"/>
    <property name="file.encoding" value="UTF-8"/>
    <property name="java.vm.name" value="OpenJDK 64-Bit Server VM"/>
    <property name="localRepository" value="/Users/priorsolution/.m2/repository"/>
    <property name="java.vendor.url.bug" value="https://bugreport.java.com/bugreport/"/>
    <property name="java.io.tmpdir" value="/var/folders/zh/j6_8t04d7ls_32h_wnm2ks5r0000gn/T/"/>
    <property name="java.version" value="14.0.1"/>
    <property name="user.dir" value="/Users/priorsolution/Downloads/sonar-java-master/docs/java-custom-rules-example"/>
    <property name="os.arch" value="x86_64"/>
    <property name="java.vm.specification.name" value="Java Virtual Machine Specification"/>
    <property name="java.library.path" value="/Users/priorsolution/Library/Java/Extensions:/Library/Java/Extensions:/Network/Library/Java/Extensions:/System/Library/Java/Extensions:/usr/lib/java:."/>
    <property name="java.vm.info" value="mixed mode, sharing"/>
    <property name="java.vendor" value="N/A"/>
    <property name="java.vm.version" value="14.0.1+14"/>
    <property name="sun.io.unicode.encoding" value="UnicodeBig"/>
    <property name="socksNonProxyHosts" value="local|*.local|169.254/16|*.169.254/16"/>
    <property name="java.class.version" value="58.0"/>
  </properties>
  <testcase name="detected" classname="org.sonar.samples.java.checks.AvoidBrandInMethodNamesRuleTest" time="0.01">
    <system-out><![CDATA[INFO  1 source file to be analyzed
DEBUG CompilationUnitTree : [
  ClassTree
    ModifiersTree
    IdentifierTree
    TypeParameters : [
    VariableTree
      ModifiersTree
      PrimitiveTypeTree
      IdentifierTree
    MethodTree
      ModifiersTree
      TypeParameters
      PrimitiveTypeTree
      IdentifierTree
      BlockTree
    MethodTree
      ModifiersTree
      TypeParameters
      PrimitiveTypeTree
      IdentifierTree
      BlockTree
    MethodTree
      ModifiersTree
      TypeParameters
      PrimitiveTypeTree
      IdentifierTree
      BlockTree
    ]
  ]

INFO  1/1 source file has been analyzed
]]></system-out>
  </testcase>
</testsuite>